Arguments: 
  D:\Program Files\nodejs\node.exe C:\Users\games\AppData\Roaming\npm\node_modules\yarn\bin\yarn.js install

PATH: 
  C:\Users\games\bin;D:\Program Files\Git\mingw64\bin;D:\Program Files\Git\usr\local\bin;D:\Program Files\Git\usr\bin;D:\Program Files\Git\usr\bin;D:\Program Files\Git\mingw64\bin;D:\Program Files\Git\usr\bin;C:\Users\games\bin;C:\Program Files (x86)\Intel\iCLS Client;C:\Program Files\Intel\iCLS Client;C:\Windows\system32;C:\Windows;C:\Windows\System32\Wbem;C:\Windows\System32\WindowsPowerShell\v1.0;C:\Program Files (x86)\Intel\Intel(R) Management Engine Components\DAL;C:\Program Files\Intel\Intel(R) Management Engine Components\DAL;C:\Program Files (x86)\Intel\Intel(R) Management Engine Components\IPT;C:\Program Files\Intel\Intel(R) Management Engine Components\IPT;C:\Program Files (x86)\NVIDIA Corporation\PhysX\Common;C:\Program Files\Intel\WiFi\bin;C:\Program Files\Common Files\Intel\WirelessCommon;D:\Program Files\nodejs;C:\Program Files\MySQL\MySQL Utilities 1.6;C:\Program Files\MongoDB\Server\3.4\bin;C:\Users\games\AppData\Local\Microsoft\WindowsApps;C:\Users\games\AppData\Roaming\npm;D:\Program Files\Heroku\bin;D:\Program Files\Git\usr\bin\vendor_perl;D:\Program Files\Git\usr\bin\core_perl

Yarn version: 
  1.2.1

Node version: 
  6.11.3

Platform: 
  win32 x64

npm manifest: 
  {
    "name": "mern",
    "version": "0.1.0",
    "private": true,
    "proxy": "http://localhost:3001/",
    "dependencies": {
      "react": "^16.0.0",
      "react-dom": "^16.0.0",
      "react-scripts": "1.0.14"
    },
    "scripts": {
      "start": "react-scripts start",
      "build": "react-scripts build",
      "test": "react-scripts test --env=jsdom",
      "eject": "react-scripts eject"
    }
  }

yarn manifest: 
  No manifest

Lockfile: 
  No lockfile

Trace: 
  Error: getaddrinfo ENOENT registry.yarnpkg.com:443
      at Object.exports._errnoException (util.js:1020:11)
      at errnoException (dns.js:33:15)
      at GetAddrInfoReqWrap.onlookup [as oncomplete] (dns.js:76:26)
